<?xml version="1.0" encoding="UTF-8"?>
<!-- Generated by org.testng.reporters.JUnitXMLReporter -->
<testsuite hostname="DESKTOP-NQ73322" ignored="2" name="Test" tests="2" failures="0" timestamp="2020-01-27T16:09:22 IST" time="17.505" errors="0">
  <testcase name="testCreateCustomer" time="3.381" classname="org.ActiTime.testscripts.CreateCustomer"/>
  <testcase name="testCreateProject" time="2.535" classname="org.ActiTime.testscripts.CreateProject"/>
  <testcase name="@BeforeTest OpenBrowser" time="0.0" classname="org.ActiTime.generics.Baseclass">
    <ignored/>
  </testcase> <!-- @BeforeTest OpenBrowser -->
  <testcase name="@AfterTest CloseBrowser" time="0.0" classname="org.ActiTime.generics.Baseclass">
    <ignored/>
  </testcase> <!-- @AfterTest CloseBrowser -->
</testsuite> <!-- Test -->
