<?xml version="1.0" encoding="UTF-8"?>
<testsuite xmlns:xsi="http://www.w3.org/2001/XMLSchema-instance" xsi:noNamespaceSchemaLocation="https://maven.apache.org/surefire/maven-surefire-plugin/xsd/surefire-test-report-3.0.xsd" version="3.0" name="TestSuite" time="19.526" tests="2" errors="0" skipped="0" failures="0">
  <properties>
[...]
</properties>
  <testcase name="testCreateCustomer" classname="org.ActiTime.testscripts.CreateCustomer" time="3.386"/>
  <testcase name="testCreateProject" classname="org.ActiTime.testscripts.CreateProject" time="2.537"/>
</testsuite>